Traceback (most recent call last):
  File "/BS/data_mani_compress/work/thesis/thesis/LID/estimate_lid.py", line 183, in <module>
    main()
  File "/BS/data_mani_compress/work/thesis/thesis/LID/estimate_lid.py", line 144, in main
    ).to(device)
      ^^^^^^^^^^
  File "/BS/data_mani_compress/work/miniforge3/envs/dgm_geometry/lib/python3.11/site-packages/torch/nn/modules/module.py", line 1340, in to
    return self._apply(convert)
           ^^^^^^^^^^^^^^^^^^^^
  File "/BS/data_mani_compress/work/miniforge3/envs/dgm_geometry/lib/python3.11/site-packages/torch/nn/modules/module.py", line 900, in _apply
    module._apply(fn)
  File "/BS/data_mani_compress/work/miniforge3/envs/dgm_geometry/lib/python3.11/site-packages/torch/nn/modules/module.py", line 900, in _apply
    module._apply(fn)
  File "/BS/data_mani_compress/work/miniforge3/envs/dgm_geometry/lib/python3.11/site-packages/torch/nn/modules/module.py", line 927, in _apply
    param_applied = fn(param)
                    ^^^^^^^^^
  File "/BS/data_mani_compress/work/miniforge3/envs/dgm_geometry/lib/python3.11/site-packages/torch/nn/modules/module.py", line 1326, in convert
    return t.to(
           ^^^^^
  File "/BS/data_mani_compress/work/miniforge3/envs/dgm_geometry/lib/python3.11/site-packages/torch/cuda/__init__.py", line 319, in _lazy_init
    torch._C._cuda_init()
RuntimeError: Found no NVIDIA driver on your system. Please check that you have an NVIDIA GPU and installed a driver from http://www.nvidia.com/Download/index.aspx
